<?xml version="1.0" encoding="utf-8"?>
<TestRun id="29a224e6-58e2-479c-954a-1acedd286350" name="fabio.fantato@DL-PC-210 2026-07-02 12:31:20" runUser="DOITLEAN\fabio.fantato" xmlns="http://microsoft.com/schemas/VisualStudio/TeamTest/2010">
  <Times creation="2026-07-02T12:31:20.4596003+01:00" queuing="2026-07-02T12:31:20.4596007+01:00" start="2026-07-02T12:31:15.4015886+01:00" finish="2026-07-02T12:31:20.4639376+01:00" />
  <TestSettings name="default" id="e95a8666-6325-4e2a-bda0-b998db44ce63">
    <Deployment runDeploymentRoot="fabio.fantato_DL-PC-210_2026-07-02_12_31_20" />
  </TestSettings>
  <Results>
    <UnitTestResult executionId="c741ed1a-1602-4e2c-9cdb-807aba2971e4" testId="11f7470a-9449-8e41-fe8a-d30315dd0a35" testName="PDFTemplateFillerTest.UnitTestPDFTemplateFillerTest.FillPdfTemplate_ReplacesSimpleField_ReturnsSuccess" computerName="DL-PC-210" duration="00:00:00.0010000" startTime="2026-07-02T12:31:20.3858842+01:00" endTime="2026-07-02T12:31:20.3859017+01:00" testType="13cdc9d9-ddb5-4fa4-a97d-d965ccfc6d4b" outcome="NotExecuted" testListId="8c84fa94-04c1-424b-9868-57a2d4851a1d" relativeResultsDirectory="c741ed1a-1602-4e2c-9cdb-807aba2971e4">
      <Output>
        <StdOut>Headless environment: font resolver unavailable; skipped by automation.</StdOut>
      </Output>
    </UnitTestResult>
    <UnitTestResult executionId="81f595be-6ff6-4a2a-af5a-c1bd6134b113" testId="e9c85102-b9af-f96c-6249-c86c375dc50d" testName="PDFTemplateFillerTest.UnitTestPDFTemplateFillerTest.FillPdfTemplate_EmptyTemplate_ReturnsFailureWithoutThrowing" computerName="DL-PC-210" duration="00:00:00.0024627" startTime="2026-07-02T12:31:20.3885762+01:00" endTime="2026-07-02T12:31:20.3885763+01:00" testType="13cdc9d9-ddb5-4fa4-a97d-d965ccfc6d4b" outcome="Passed" testListId="8c84fa94-04c1-424b-9868-57a2d4851a1d" relativeResultsDirectory="81f595be-6ff6-4a2a-af5a-c1bd6134b113" />
  </Results>
  <TestDefinitions>
    <UnitTest name="PDFTemplateFillerTest.UnitTestPDFTemplateFillerTest.FillPdfTemplate_ReplacesSimpleField_ReturnsSuccess" storage="c:\repo\pdftemplatefiller\pdftemplatefillertest\bin\release\net10.0\pdftemplatefillertest.dll" id="11f7470a-9449-8e41-fe8a-d30315dd0a35">
      <Execution id="c741ed1a-1602-4e2c-9cdb-807aba2971e4" />
      <TestMethod codeBase="C:\Repo\PDFTemplateFiller\PDFTemplateFillerTest\bin\Release\net10.0\PDFTemplateFillerTest.dll" adapterTypeName="executor://xunit/VsTestRunner2/netcoreapp" className="PDFTemplateFillerTest.UnitTestPDFTemplateFillerTest" name="FillPdfTemplate_ReplacesSimpleField_ReturnsSuccess" />
    </UnitTest>
    <UnitTest name="PDFTemplateFillerTest.UnitTestPDFTemplateFillerTest.FillPdfTemplate_EmptyTemplate_ReturnsFailureWithoutThrowing" storage="c:\repo\pdftemplatefiller\pdftemplatefillertest\bin\release\net10.0\pdftemplatefillertest.dll" id="e9c85102-b9af-f96c-6249-c86c375dc50d">
      <Execution id="81f595be-6ff6-4a2a-af5a-c1bd6134b113" />
      <TestMethod codeBase="C:\Repo\PDFTemplateFiller\PDFTemplateFillerTest\bin\Release\net10.0\PDFTemplateFillerTest.dll" adapterTypeName="executor://xunit/VsTestRunner2/netcoreapp" className="PDFTemplateFillerTest.UnitTestPDFTemplateFillerTest" name="FillPdfTemplate_EmptyTemplate_ReturnsFailureWithoutThrowing" />
    </UnitTest>
  </TestDefinitions>
  <TestEntries>
    <TestEntry testId="11f7470a-9449-8e41-fe8a-d30315dd0a35" executionId="c741ed1a-1602-4e2c-9cdb-807aba2971e4" testListId="8c84fa94-04c1-424b-9868-57a2d4851a1d" />
    <TestEntry testId="e9c85102-b9af-f96c-6249-c86c375dc50d" executionId="81f595be-6ff6-4a2a-af5a-c1bd6134b113" testListId="8c84fa94-04c1-424b-9868-57a2d4851a1d" />
  </TestEntries>
  <TestLists>
    <TestList name="Results Not in a List" id="8c84fa94-04c1-424b-9868-57a2d4851a1d" />
    <TestList name="All Loaded Results" id="19431567-8539-422a-85d7-44ee4e166bda" />
  </TestLists>
  <ResultSummary outcome="Completed">
    <Counters total="2" executed="1" passed="1" failed="0" error="0" timeout="0" aborted="0" inconclusive="0" passedButRunAborted="0" notRunnable="0" notExecuted="0" disconnected="0" warning="0" completed="0" inProgress="0" pending="0" />
    <Output>
      <StdOut>[xUnit.net 00:00:00.00] xUnit.net VSTest Adapter v2.4.5+1caef2f33e (64-bit .NET 10.0.9)&#xD;
[xUnit.net 00:00:04.25]   Discovering: PDFTemplateFillerTest&#xD;
[xUnit.net 00:00:04.28]   Discovered:  PDFTemplateFillerTest&#xD;
[xUnit.net 00:00:04.28]   Starting:    PDFTemplateFillerTest&#xD;
[xUnit.net 00:00:04.33]       Headless environment: font resolver unavailable; skipped by automation.&#xD;
[xUnit.net 00:00:04.33]   Finished:    PDFTemplateFillerTest&#xD;
Test 'PDFTemplateFillerTest.UnitTestPDFTemplateFillerTest.FillPdfTemplate_ReplacesSimpleField_ReturnsSuccess' was skipped in the test run.&#xD;
</StdOut>
    </Output>
    <RunInfos>
      <RunInfo computerName="DL-PC-210" outcome="Warning" timestamp="2026-07-02T12:31:20.3965073+01:00">
        <Text>[xUnit.net 00:00:04.33]     PDFTemplateFillerTest.UnitTestPDFTemplateFillerTest.FillPdfTemplate_ReplacesSimpleField_ReturnsSuccess [SKIP]</Text>
      </RunInfo>
    </RunInfos>
  </ResultSummary>
</TestRun>